<?xml version="1.0" encoding="UTF-8"?>
<testsuite name="ru.quest.lect3.tests.GroupCreationTests" tests="4" skipped="0" failures="0" errors="0" timestamp="2021-04-08T11:02:59" hostname="DESKTOP-N81EJ2P" time="3.361">
  <properties/>
  <testcase name="testBadGroupCreation" classname="ru.quest.lect3.tests.GroupCreationTests" time="0.868"/>
  <testcase name="testGroupCreation[0](GroupData{id='2147483647', name='test0'})" classname="ru.quest.lect3.tests.GroupCreationTests" time="0.815"/>
  <testcase name="testGroupCreation[1](GroupData{id='2147483647', name='test1'})" classname="ru.quest.lect3.tests.GroupCreationTests" time="0.82"/>
  <testcase name="testGroupCreation[2](GroupData{id='2147483647', name='test2'})" classname="ru.quest.lect3.tests.GroupCreationTests" time="0.82"/>
  <system-out><![CDATA[]]></system-out>
  <system-err><![CDATA[]]></system-err>
</testsuite>
