<?xml version="1.0" encoding="UTF-8"?>
<testsuite name="ru.quest.lect3.tests.DeleteContact" tests="1" skipped="0" failures="0" errors="0" timestamp="2021-04-08T11:03:22" hostname="DESKTOP-N81EJ2P" time="0.71">
  <properties/>
  <testcase name="testDeleteContact" classname="ru.quest.lect3.tests.DeleteContact" time="0.71"/>
  <system-out><![CDATA[]]></system-out>
  <system-err><![CDATA[]]></system-err>
</testsuite>
