<?xml version="1.0" encoding="UTF-8"?>
<testsuite name="rest.tests.RestAssuredTests" tests="1" skipped="0" failures="0" errors="0" timestamp="2021-04-29T09:58:54" hostname="DESKTOP-N81EJ2P" time="3.61">
  <properties/>
  <testcase name="testCreateIssue" classname="rest.tests.RestAssuredTests" time="3.61"/>
  <system-out><![CDATA[]]></system-out>
  <system-err><![CDATA[]]></system-err>
</testsuite>
