<?xml version="1.0" encoding="UTF-8"?>
<testsuite name="GithubTests.GithubTests" tests="1" skipped="0" failures="0" errors="0" timestamp="2021-04-28T11:31:36" hostname="DESKTOP-N81EJ2P" time="55.503">
  <properties/>
  <testcase name="testCommits" classname="GithubTests.GithubTests" time="55.503"/>
  <system-out><![CDATA[Сделал задание 20 и подредачил код всех тестов
Выполнил 9.5
Прошел видео 9.4
Задание 19
Сделал видео 9.3
9.2 сделал
9.2 ну почти
9.2 пробую все
9.2 недоделал
Доделал ДЗ 18, но приходилось списывать просто потому, что объем блока сильно увеличился по сравннию с прошлыми, и повторять стало очень трудно
Поменял конфиг
все очень плохо
Изучал как можно сделать домашку через пункт 8.6, но теперь встал в строке 26 у теста
8.7 запотел, но сделал
Update JamesHelper.java
8.7 решительно не работает
Продвинулся
НЕ работает гиганстское видео 8.6
Выполнил видео 8.5
Выполнил видео 8.4
8.3 все таки получилось
Почти доделал 8.3
Сделал видео 8.2
Выполнил ненавистное задание 16 с огромным трудом и криками.
Контакт добавляется в группы, ужасное задание
Дал старт 16 заданию
7.6 не понятно что делать с withGroups
Сделал видео 7.5
Сделал 15 задание
Почти сделал задание 15
Выполнил видео 7.3
Доделал 7.2, но лучше не стало
Исправил 7.2
Сделал пропущенный 6.11
7.2 не работает
7.1 не получается
7.1 не получается
Доработал 14 задание
Выполнил задание 14
не идет 6.10
Почти 6.10, ошибка
Выполнил видео 6.9
Выполнил видео 6.8 для всех тестов и всех генераторов
Сделал сразу 12 и 13 задания
Выполнил видео 6.6
До конца доделал видео 6.5
Осталась проблема теста контактфонтест
Проблемы множатся
видео 6.5 не получилось
6.5 не работает
5.5 неудачный, не работает генерация при подхвате группы
Прошел видео 6.4 для групп и контактов
Выполнил видео 6.3 для групп и контактов
Выполнил видео 6.2 для групп и контактов
Выполнил видео 6.1
Исправил НАВЕРНО задание 10
Выполнил задание 11
Выполнил видео 5.11
Сделал видео 5.10, сделал метод обратных проверок
Выполнил видео 5.9
Прошел видео 5.8 для групп и контактов
Начало видео 5.8
Починил тесты под 5.7
Выполнил видео 5.7, но тесты фейлятся, если их запустить все сразу
Выполнил задание 10
Подогнал под видео 5.5
Все еще не получается.
Переделал селектор
подгон тестов контактов под 5.5
Подогнал тесты контактов под 5.4
Подогнал все тесты контактов под состояние видео 5.3
Создал контейнер для контактов для задания 10
Прошел видео 5.6
Выполнил видео 5.5
Прошел видео 5.4
Прошел видео 5.3
Выполнил видео 5.2
Исправил задание 9
Проверил гит в Идее
Модифицировал все тесты под видео 5.1, везде стер logout
Сделал задание 9
модифицировал тест по созданиб контактов по 4.9
Модифицировал создание контактов по видео 4.8
Модифицировал тест Модификации контакта по видео 4.7
Делал 4.7 - ошибка в отчете
Модифицировал тест удаления контакта по видео 4.6
Модифицировал тесты контактов по видео 4.5
Модифицировал тесты по контактам по видео 4.4
Модифицировал все тесты по контактам по видео 4.3
Модифицировал Тест по удалению группы для задания 9
Прошел видео 4.10
Прошел видео 4.9
Прошел видео 4.8
Прошел видео 4.7
Прошел видео 4.6
Прошел видео 4.5
Прошел видео 4.4
Прошел видео 4.3
Выполнил видео 4.2
Выполнил видео 4.1
Выполнил задание 8
Прошел видео 3.10
Выполнил видео 3.9
Выполнил видео 3.8
Исправил задание 7
Выполнил видео 3.6
Выполнил видео 3.6
Выполнил задание 7
Выполнил видео 3.3
Сделал видео 3.2
Выполнил видео 3.1
Переделал 4 задачу
Выполнил задание 6
выполнил видео 2.9
5 задание госпаде
Поменял положение классов в структуре, удалил строчку WebDriver
Я почти понял
Получилось 3 шага, но дальше не ясно, так как шаги меняются
3 шаг споткнулся
вернул как было
Переделал 4 задание
СОздал новый тест на удаление юзера, перенес данные в Модел
Сейчас оно еще работает
Создал DeleteContact, отредачил ContactCreationTests
Прошел видео 2.8
Выучил видео 2.7
Прошел видео 2.6
Выполнил видео 2.5
Выполнил задание 4
Записал автотест для нового юзера
Выполнил видео 2.4

Рефакторинг кода
Выполнил задание видео 2.3

Вынес часть кода из @Test в @BeforeMetod
Прошел видео 2.2
Создал тест, который проверяет правильность вычислений формулы расчета расстояния между точками. Выполнил задание 3
Изменил конфиг файл, добавил ТестНГ
Поменял формулу на использование this, статик убрал, параметр сменил
Я наконец все понял, когда мне как следует разжевали. Выполнил задание 2
Я даже не понимаю, чего я не понимаю
Merge branch 'main' of https://github.com/DanteAut2/Quest1 into main
Стер слеш в файле гитигнорб что бы build не попадал больше в гит
Удалил папку Build перед комитом
Я создал класс Поинт, в котором объявил 2 новые точки
Created new repo for quest 1
Initial commit
]]></system-out>
  <system-err><![CDATA[SLF4J: Failed to load class "org.slf4j.impl.StaticLoggerBinder".
SLF4J: Defaulting to no-operation (NOP) logger implementation
SLF4J: See http://www.slf4j.org/codes.html#StaticLoggerBinder for further details.
]]></system-err>
</testsuite>
